
<<<<<<< HEAD
SQL*Loader: Release 12.1.0.2.0 - Production on Sun Mar 27 16:54:32 2016
=======
<<<<<<< HEAD
SQL*Loader: Release 12.1.0.2.0 - Production on Sun Mar 27 16:44:09 2016
=======
<<<<<<< HEAD
SQL*Loader: Release 12.1.0.2.0 - Production on Sat Mar 26 13:13:51 2016
=======
SQL*Loader: Release 12.1.0.2.0 - Production on Sat Mar 26 18:30:50 2016
>>>>>>> f4a2ec0d04f6dc941133048f7459a583301f1be1
>>>>>>> 48a2eb2b1d27b7b13316f8f5745abdcb2bf4fb2e
>>>>>>> f575553eb5dd9947d8eec26ac4cf6d3d6fec97a7

Copyright (c) 1982, 2014, Oracle and/or its affiliates.  All rights reserved.

Control File:   lob.ctl
Data File:      lob.txt
  Bad File:     lob.bad
  Discard File:  none specified
 
 (Allow all discards)

Number to load: ALL
Number to skip: 0
Errors allowed: 50
Bind array:     64 rows, maximum of 256000 bytes
Continuation:    none specified
Path used:      Conventional

Table IMAGES, loaded from every logical record.
Insert option in effect for this table: INSERT

   Column Name                  Position   Len  Term Encl Datatype
------------------------------ ---------- ----- ---- ---- ---------------------
PHOTO_ID                            FIRST    10   ,       CHARACTER            
OWNER_NAME                           NEXT    24   ,       CHARACTER            
PERMITTED                            NEXT    10   ,       CHARACTER            
SUBJECT                              NEXT   128   ,       CHARACTER            
PLACE                                NEXT   128   ,       CHARACTER            
TIMING                               NEXT     *   ,       DATE DD-MON-RR       
DESCRIPTION                          NEXT  2048   ,       CHARACTER            
T_FILENAME                           NEXT   100   ,       CHARACTER            
  (FILLER FIELD)
R_FILENAME                           NEXT   100   ,       CHARACTER            
  (FILLER FIELD)
THUMBNAIL                         DERIVED     *  EOF      CHARACTER            
    Dynamic LOBFILE.  Filename in field T_FILENAME
PHOTO                             DERIVED     *  EOF      CHARACTER            
    Dynamic LOBFILE.  Filename in field R_FILENAME


Table IMAGES:
  33 Rows successfully loaded.
  0 Rows not loaded due to data errors.
  0 Rows not loaded because all WHEN clauses were failed.
  0 Rows not loaded because all fields were null.


Space allocated for bind array:                 180608 bytes(64 rows)
Read   buffer bytes: 1048576

Total logical records skipped:          0
Total logical records read:            33
Total logical records rejected:         0
Total logical records discarded:        0

<<<<<<< HEAD
Run began on Sun Mar 27 16:54:32 2016
Run ended on Sun Mar 27 16:54:32 2016

Elapsed time was:     00:00:00.64
CPU time was:         00:00:00.14
=======
<<<<<<< HEAD
Run began on Sun Mar 27 16:44:09 2016
Run ended on Sun Mar 27 16:44:09 2016
=======
<<<<<<< HEAD
Run began on Sat Mar 26 13:13:51 2016
Run ended on Sat Mar 26 13:13:51 2016

Elapsed time was:     00:00:00.26
CPU time was:         00:00:00.02
=======
Run began on Sat Mar 26 18:30:50 2016
Run ended on Sat Mar 26 18:30:50 2016
>>>>>>> 48a2eb2b1d27b7b13316f8f5745abdcb2bf4fb2e

Elapsed time was:     00:00:00.28
CPU time was:         00:00:00.04
>>>>>>> f4a2ec0d04f6dc941133048f7459a583301f1be1
>>>>>>> f575553eb5dd9947d8eec26ac4cf6d3d6fec97a7
